TN:
SF:src\config\gmgn-config.ts
FNF:0
FNH:0
DA:1,0
DA:6,0
DA:28,0
DA:37,0
LF:4
LH:0
BRDA:8,0,0,0
BRDA:8,0,1,0
BRDA:11,1,0,0
BRDA:11,1,1,0
BRDA:12,2,0,0
BRDA:12,2,1,0
BRDA:15,3,0,0
BRDA:15,3,1,0
BRDA:19,4,0,0
BRDA:19,4,1,0
BRDA:19,5,0,0
BRDA:19,5,1,0
BRF:12
BRH:0
end_of_record
TN:
SF:src\config\meme-radar-config.ts
FN:7,createDefaultTDIConfig
FN:42,createDefaultMemeRadarConfig
FN:96,loadConfig
FN:138,validateConfig
FNF:4
FNH:0
FNDA:0,createDefaultTDIConfig
FNDA:0,createDefaultMemeRadarConfig
FNDA:0,loadConfig
FNDA:0,validateConfig
DA:7,0
DA:8,0
DA:42,0
DA:43,0
DA:68,0
DA:96,0
DA:97,0
DA:100,0
DA:103,0
DA:104,0
DA:113,0
DA:114,0
DA:121,0
DA:138,0
DA:139,0
DA:141,0
DA:142,0
DA:145,0
DA:146,0
DA:149,0
DA:150,0
DA:153,0
DA:154,0
DA:157,0
DA:158,0
DA:161,0
LF:26
LH:0
BRDA:96,0,0,0
BRDA:103,1,0,0
BRDA:113,2,0,0
BRDA:141,3,0,0
BRDA:141,4,0,0
BRDA:141,4,1,0
BRDA:145,5,0,0
BRDA:145,6,0,0
BRDA:145,6,1,0
BRDA:149,7,0,0
BRDA:149,8,0,0
BRDA:149,8,1,0
BRDA:153,9,0,0
BRDA:153,10,0,0
BRDA:153,10,1,0
BRDA:157,11,0,0
BRF:16
BRH:0
end_of_record
TN:
SF:src\config\pre-evaluator.ts
FNF:0
FNH:0
DA:5,0
LF:1
LH:0
BRF:0
BRH:0
end_of_record
TN:
SF:src\examples\pre-evaluator-example.ts
FN:6,main
FN:13,(anonymous_1)
FNF:2
FNH:0
FNDA:0,main
FNDA:0,(anonymous_1)
DA:1,0
DA:2,0
DA:9,0
DA:13,0
DA:14,0
DA:23,0
DA:34,0
DA:37,0
DA:38,0
DA:40,0
DA:46,0
LF:11
LH:0
BRF:0
BRH:0
end_of_record
TN:
SF:src\modules\cleaner.ts
FN:7,cleanText
FN:14,cleanNewsItem
FNF:2
FNH:0
FNDA:0,cleanText
FNDA:0,cleanNewsItem
DA:7,0
DA:8,0
DA:14,0
DA:15,0
LF:4
LH:0
BRF:0
BRH:0
end_of_record
TN:
SF:src\modules\crawler.ts
FN:13,fetchNews
FN:16,(anonymous_2)
FNF:2
FNH:0
FNDA:0,fetchNews
FNDA:0,(anonymous_2)
DA:1,0
DA:3,0
DA:13,0
DA:14,0
DA:15,0
DA:16,0
DA:24,0
DA:25,0
LF:8
LH:0
BRDA:17,0,0,0
BRDA:17,0,1,0
BRDA:18,1,0,0
BRDA:18,1,1,0
BRDA:19,2,0,0
BRDA:19,2,1,0
BRDA:20,3,0,0
BRDA:20,3,1,0
BRDA:21,4,0,0
BRDA:21,4,1,0
BRF:10
BRH:0
end_of_record
TN:
SF:src\modules\notifier.ts
FN:18,sendNotification
FN:38,formatMessage
FNF:2
FNH:0
FNDA:0,sendNotification
FNDA:0,formatMessage
DA:18,0
DA:23,0
DA:26,0
DA:29,0
DA:33,0
DA:39,0
LF:6
LH:0
BRDA:29,0,0,0
BRDA:33,1,0,0
BRF:2
BRH:0
end_of_record
TN:
SF:src\modules\sentiment.ts
FN:28,(anonymous_1)
FN:37,(anonymous_2)
FN:45,(anonymous_3)
FN:60,(anonymous_4)
FN:81,(anonymous_5)
FN:114,(anonymous_6)
FN:152,(anonymous_7)
FN:171,(anonymous_8)
FN:202,(anonymous_9)
FN:227,(anonymous_10)
FN:261,(anonymous_11)
FN:275,(anonymous_12)
FN:281,(anonymous_13)
FNF:13
FNH:0
FNDA:0,(anonymous_1)
FNDA:0,(anonymous_2)
FNDA:0,(anonymous_3)
FNDA:0,(anonymous_4)
FNDA:0,(anonymous_5)
FNDA:0,(anonymous_6)
FNDA:0,(anonymous_7)
FNDA:0,(anonymous_8)
FNDA:0,(anonymous_9)
FNDA:0,(anonymous_10)
FNDA:0,(anonymous_11)
FNDA:0,(anonymous_12)
FNDA:0,(anonymous_13)
DA:1,0
DA:23,0
DA:25,0
DA:26,0
DA:29,0
DA:38,0
DA:41,0
DA:42,0
DA:43,0
DA:45,0
DA:46,0
DA:47,0
DA:48,0
DA:49,0
DA:51,0
DA:52,0
DA:59,0
DA:60,0
DA:61,0
DA:62,0
DA:68,0
DA:70,0
DA:72,0
DA:82,0
DA:83,0
DA:85,0
DA:96,0
DA:97,0
DA:98,0
DA:101,0
DA:102,0
DA:105,0
DA:107,0
DA:109,0
DA:110,0
DA:115,0
DA:145,0
DA:146,0
DA:149,0
DA:153,0
DA:155,0
DA:172,0
DA:177,0
DA:178,0
DA:181,0
DA:182,0
DA:185,0
DA:186,0
DA:189,0
DA:190,0
DA:193,0
DA:194,0
DA:197,0
DA:198,0
DA:204,0
DA:206,0
DA:207,0
DA:217,0
DA:228,0
DA:229,0
DA:230,0
DA:233,0
DA:234,0
DA:235,0
DA:236,0
DA:237,0
DA:241,0
DA:242,0
DA:243,0
DA:244,0
DA:245,0
DA:246,0
DA:251,0
DA:253,0
DA:266,0
DA:267,0
DA:269,0
DA:270,0
DA:271,0
DA:272,0
DA:276,0
DA:277,0
DA:279,0
DA:280,0
DA:281,0
DA:284,0
LF:86
LH:0
BRDA:61,0,0,0
BRDA:97,1,0,0
BRDA:145,2,0,0
BRDA:153,3,0,0
BRDA:153,3,1,0
BRDA:161,4,0,0
BRDA:161,4,1,0
BRDA:162,5,0,0
BRDA:162,5,1,0
BRDA:163,6,0,0
BRDA:163,6,1,0
BRDA:164,7,0,0
BRDA:164,7,1,0
BRDA:165,8,0,0
BRDA:165,8,1,0
BRDA:177,9,0,0
BRDA:181,10,0,0
BRDA:181,11,0,0
BRDA:181,11,1,0
BRDA:181,11,2,0
BRDA:185,12,0,0
BRDA:189,13,0,0
BRDA:193,14,0,0
BRDA:197,15,0,0
BRDA:206,16,0,0
BRDA:206,17,0,0
BRDA:206,17,1,0
BRDA:206,17,2,0
BRDA:234,18,0,0
BRDA:234,18,1,0
BRDA:244,19,0,0
BRDA:256,20,0,0
BRDA:256,20,1,0
BRDA:267,21,0,0
BRDA:267,21,1,0
BRDA:267,22,0,0
BRDA:267,22,1,0
BRDA:267,23,0,0
BRDA:267,23,1,0
BRDA:269,24,0,0
BRDA:269,25,0,0
BRDA:269,25,1,0
BRDA:270,26,0,0
BRDA:270,27,0,0
BRDA:270,27,1,0
BRDA:271,28,0,0
BRDA:271,29,0,0
BRDA:271,29,1,0
BRDA:279,30,0,0
BRF:49
BRH:0
end_of_record
TN:
SF:src\modules\analysis\TDIEngine.ts
FN:47,(anonymous_0)
FN:54,(anonymous_1)
FN:71,(anonymous_2)
FN:81,(anonymous_3)
FN:91,(anonymous_4)
FN:95,(anonymous_5)
FN:132,(anonymous_6)
FN:163,(anonymous_7)
FN:177,(anonymous_8)
FN:178,(anonymous_9)
FN:184,(anonymous_10)
FN:200,(anonymous_11)
FN:207,(anonymous_12)
FN:208,(anonymous_13)
FN:215,(anonymous_14)
FN:228,(anonymous_15)
FN:231,(anonymous_16)
FN:233,(anonymous_17)
FN:235,(anonymous_18)
FN:237,(anonymous_19)
FN:242,(anonymous_20)
FN:260,(anonymous_21)
FN:266,(anonymous_22)
FNF:23
FNH:0
FNDA:0,(anonymous_0)
FNDA:0,(anonymous_1)
FNDA:0,(anonymous_2)
FNDA:0,(anonymous_3)
FNDA:0,(anonymous_4)
FNDA:0,(anonymous_5)
FNDA:0,(anonymous_6)
FNDA:0,(anonymous_7)
FNDA:0,(anonymous_8)
FNDA:0,(anonymous_9)
FNDA:0,(anonymous_10)
FNDA:0,(anonymous_11)
FNDA:0,(anonymous_12)
FNDA:0,(anonymous_13)
FNDA:0,(anonymous_14)
FNDA:0,(anonymous_15)
FNDA:0,(anonymous_16)
FNDA:0,(anonymous_17)
FNDA:0,(anonymous_18)
FNDA:0,(anonymous_19)
FNDA:0,(anonymous_20)
FNDA:0,(anonymous_21)
FNDA:0,(anonymous_22)
DA:43,0
DA:45,0
DA:48,0
DA:55,0
DA:56,0
DA:58,0
DA:60,0
DA:63,0
DA:66,0
DA:67,0
DA:71,0
DA:72,0
DA:73,0
DA:74,0
DA:77,0
DA:78,0
DA:87,0
DA:88,0
DA:91,0
DA:92,0
DA:95,0
DA:96,0
DA:100,0
DA:101,0
DA:104,0
DA:105,0
DA:108,0
DA:111,0
DA:114,0
DA:116,0
DA:133,0
DA:135,0
DA:136,0
DA:139,0
DA:140,0
DA:141,0
DA:145,0
DA:150,0
DA:151,0
DA:155,0
DA:156,0
DA:157,0
DA:160,0
DA:164,0
DA:165,0
DA:168,0
DA:169,0
DA:171,0
DA:172,0
DA:173,0
DA:177,0
DA:178,0
DA:179,0
DA:181,0
DA:185,0
DA:187,0
DA:188,0
DA:189,0
DA:190,0
DA:191,0
DA:192,0
DA:193,0
DA:194,0
DA:196,0
DA:202,0
DA:203,0
DA:206,0
DA:207,0
DA:208,0
DA:210,0
DA:212,0
DA:216,0
DA:218,0
DA:219,0
DA:220,0
DA:221,0
DA:222,0
DA:225,0
DA:229,0
DA:231,0
DA:232,0
DA:233,0
DA:235,0
DA:236,0
DA:237,0
DA:243,0
DA:246,0
DA:247,0
DA:251,0
DA:254,0
DA:255,0
DA:257,0
DA:261,0
DA:262,0
DA:265,0
DA:266,0
DA:268,0
LF:97
LH:0
BRDA:92,0,0,0
BRDA:92,0,1,0
BRDA:96,1,0,0
BRDA:96,1,1,0
BRDA:104,2,0,0
BRDA:104,2,1,0
BRDA:133,3,0,0
BRDA:141,4,0,0
BRDA:141,4,1,0
BRDA:146,5,0,0
BRDA:146,5,1,0
BRDA:147,6,0,0
BRDA:147,6,1,0
BRDA:148,7,0,0
BRDA:148,7,1,0
BRDA:150,8,0,0
BRDA:150,8,1,0
BRDA:156,9,0,0
BRDA:156,9,1,0
BRDA:164,10,0,0
BRDA:164,10,1,0
BRDA:165,11,0,0
BRDA:181,12,0,0
BRDA:181,12,1,0
BRDA:187,13,0,0
BRDA:187,13,1,0
BRDA:187,14,0,0
BRDA:187,14,1,0
BRDA:189,15,0,0
BRDA:189,15,1,0
BRDA:189,16,0,0
BRDA:189,16,1,0
BRDA:191,17,0,0
BRDA:191,17,1,0
BRDA:193,18,0,0
BRDA:193,18,1,0
BRDA:221,19,0,0
BRDA:221,19,1,0
BRDA:233,20,0,0
BRDA:233,20,1,0
BRDA:236,21,0,0
BRDA:236,21,1,0
BRDA:246,22,0,0
BRDA:261,23,0,0
BRDA:261,23,1,0
BRF:45
BRH:0
end_of_record
TN:
SF:src\modules\analysis\credibility.ts
FN:52,(anonymous_0)
FN:63,(anonymous_1)
FN:71,(anonymous_2)
FN:84,(anonymous_3)
FN:90,(anonymous_4)
FN:98,(anonymous_5)
FNF:6
FNH:0
FNDA:0,(anonymous_0)
FNDA:0,(anonymous_1)
FNDA:0,(anonymous_2)
FNDA:0,(anonymous_3)
FNDA:0,(anonymous_4)
FNDA:0,(anonymous_5)
DA:23,0
DA:39,0
DA:48,0
DA:56,0
DA:57,0
DA:64,0
DA:71,0
DA:72,0
DA:75,0
DA:85,0
DA:86,0
DA:87,0
DA:90,0
DA:91,0
DA:92,0
DA:93,0
DA:98,0
DA:99,0
DA:100,0
DA:101,0
DA:106,0
LF:21
LH:0
BRDA:53,0,0,0
BRDA:54,1,0,0
BRDA:72,2,0,0
BRDA:72,2,1,0
BRDA:91,3,0,0
BRDA:99,4,0,0
BRDA:106,5,0,0
BRDA:106,5,1,0
BRF:8
BRH:0
end_of_record
TN:
SF:src\modules\analysis\index.ts
FN:36,(anonymous_0)
FN:44,(anonymous_1)
FN:90,(anonymous_2)
FN:99,(anonymous_3)
FN:103,(anonymous_4)
FN:110,(anonymous_5)
FN:127,(anonymous_6)
FNF:7
FNH:0
FNDA:0,(anonymous_0)
FNDA:0,(anonymous_1)
FNDA:0,(anonymous_2)
FNDA:0,(anonymous_3)
FNDA:0,(anonymous_4)
FNDA:0,(anonymous_5)
FNDA:0,(anonymous_6)
DA:25,0
DA:26,0
DA:31,0
DA:34,0
DA:37,0
DA:38,0
DA:45,0
DA:46,0
DA:48,0
DA:50,0
DA:56,0
DA:59,0
DA:62,0
DA:65,0
DA:67,0
DA:82,0
DA:83,0
DA:91,0
DA:92,0
DA:93,0
DA:100,0
DA:101,0
DA:102,0
DA:103,0
DA:115,0
DA:118,0
DA:121,0
DA:128,0
LF:28
LH:0
BRDA:92,0,0,0
BRF:1
BRH:0
end_of_record
TN:
SF:src\modules\analysis\sentiment.ts
FN:59,(anonymous_0)
FN:70,(anonymous_1)
FN:77,(anonymous_2)
FN:102,(anonymous_3)
FN:109,(anonymous_4)
FN:110,(anonymous_5)
FN:124,(anonymous_6)
FNF:7
FNH:0
FNDA:0,(anonymous_0)
FNDA:0,(anonymous_1)
FNDA:0,(anonymous_2)
FNDA:0,(anonymous_3)
FNDA:0,(anonymous_4)
FNDA:0,(anonymous_5)
FNDA:0,(anonymous_6)
DA:23,0
DA:44,0
DA:55,0
DA:63,0
DA:64,0
DA:71,0
DA:72,0
DA:73,0
DA:74,0
DA:77,0
DA:78,0
DA:79,0
DA:81,0
DA:82,0
DA:83,0
DA:87,0
DA:90,0
DA:92,0
DA:106,0
DA:107,0
DA:109,0
DA:110,0
DA:111,0
DA:112,0
DA:113,0
DA:118,0
DA:128,0
DA:129,0
DA:132,0
DA:133,0
DA:135,0
LF:31
LH:0
BRDA:60,0,0,0
BRDA:61,1,0,0
BRDA:81,2,0,0
BRDA:81,2,1,0
BRDA:87,3,0,0
BRDA:87,3,1,0
BRDA:111,4,0,0
BRDA:112,5,0,0
BRDA:112,5,1,0
BRDA:112,6,0,0
BRDA:112,6,1,0
BRDA:118,7,0,0
BRDA:118,7,1,0
BRF:13
BRH:0
end_of_record
TN:
SF:src\modules\data_sources\SourceManager.ts
FN:3,(anonymous_0)
FN:10,(anonymous_1)
FN:26,(anonymous_2)
FN:36,(anonymous_3)
FN:43,(anonymous_4)
FN:50,(anonymous_5)
FN:51,(anonymous_6)
FN:57,(anonymous_7)
FN:61,(anonymous_8)
FN:73,(anonymous_9)
FN:86,(anonymous_10)
FN:104,(anonymous_11)
FNF:12
FNH:0
FNDA:0,(anonymous_0)
FNDA:0,(anonymous_1)
FNDA:0,(anonymous_2)
FNDA:0,(anonymous_3)
FNDA:0,(anonymous_4)
FNDA:0,(anonymous_5)
FNDA:0,(anonymous_6)
FNDA:0,(anonymous_7)
FNDA:0,(anonymous_8)
FNDA:0,(anonymous_9)
FNDA:0,(anonymous_10)
FNDA:0,(anonymous_11)
DA:3,0
DA:4,0
DA:5,0
DA:11,0
DA:12,0
DA:13,0
DA:14,0
DA:15,0
DA:17,0
DA:18,0
DA:27,0
DA:28,0
DA:37,0
DA:44,0
DA:51,0
DA:58,0
DA:59,0
DA:61,0
DA:62,0
DA:63,0
DA:64,0
DA:65,0
DA:67,0
DA:68,0
DA:72,0
DA:73,0
DA:74,0
DA:75,0
DA:79,0
DA:80,0
DA:87,0
DA:89,0
DA:90,0
DA:91,0
DA:92,0
DA:94,0
DA:98,0
DA:105,0
DA:106,0
DA:107,0
DA:108,0
LF:41
LH:0
BRDA:74,0,0,0
BRDA:106,1,0,0
BRDA:108,2,0,0
BRDA:108,2,1,0
BRF:4
BRH:0
end_of_record
TN:
SF:src\modules\data_sources\TwitterSource.ts
FN:4,(anonymous_1)
FN:17,(anonymous_2)
FN:35,(anonymous_3)
FN:95,(anonymous_4)
FN:108,(anonymous_5)
FN:112,(anonymous_6)
FN:114,(anonymous_7)
FN:129,(anonymous_8)
FN:134,(anonymous_9)
FN:136,(anonymous_10)
FN:140,(anonymous_11)
FN:141,(anonymous_12)
FN:144,(anonymous_13)
FN:145,(anonymous_14)
FN:148,(anonymous_15)
FNF:15
FNH:0
FNDA:0,(anonymous_1)
FNDA:0,(anonymous_2)
FNDA:0,(anonymous_3)
FNDA:0,(anonymous_4)
FNDA:0,(anonymous_5)
FNDA:0,(anonymous_6)
FNDA:0,(anonymous_7)
FNDA:0,(anonymous_8)
FNDA:0,(anonymous_9)
FNDA:0,(anonymous_10)
FNDA:0,(anonymous_11)
FNDA:0,(anonymous_12)
FNDA:0,(anonymous_13)
FNDA:0,(anonymous_14)
FNDA:0,(anonymous_15)
DA:2,0
DA:4,0
DA:5,0
DA:6,0
DA:7,0
DA:9,0
DA:10,0
DA:11,0
DA:18,0
DA:19,0
DA:22,0
DA:23,0
DA:32,0
DA:36,0
DA:37,0
DA:40,0
DA:43,0
DA:45,0
DA:46,0
DA:57,0
DA:59,0
DA:60,0
DA:62,0
DA:63,0
DA:65,0
DA:86,0
DA:88,0
DA:89,0
DA:92,0
DA:96,0
DA:98,0
DA:99,0
DA:102,0
DA:104,0
DA:109,0
DA:114,0
DA:116,0
DA:117,0
DA:119,0
DA:124,0
DA:129,0
DA:131,0
DA:135,0
DA:136,0
DA:137,0
DA:141,0
DA:145,0
DA:149,0
LF:48
LH:0
BRDA:18,0,0,0
BRDA:29,1,0,0
BRDA:29,1,1,0
BRDA:36,2,0,0
BRDA:59,3,0,0
BRDA:59,3,1,0
BRDA:60,4,0,0
BRDA:60,4,1,0
BRDA:74,5,0,0
BRDA:74,5,1,0
BRDA:75,6,0,0
BRDA:75,6,1,0
BRDA:76,7,0,0
BRDA:76,7,1,0
BRDA:77,8,0,0
BRDA:77,8,1,0
BRDA:80,9,0,0
BRDA:80,9,1,0
BRDA:81,10,0,0
BRDA:81,10,1,0
BRDA:88,11,0,0
BRDA:88,11,1,0
BRDA:96,12,0,0
BRDA:116,13,0,0
BRDA:116,13,1,0
BRDA:150,14,0,0
BRDA:150,14,1,0
BRDA:151,15,0,0
BRDA:151,15,1,0
BRDA:152,16,0,0
BRDA:152,16,1,0
BRF:31
BRH:0
end_of_record
TN:
SF:src\modules\gmgn\gmgnService.ts
FN:16,(anonymous_0)
FN:24,(anonymous_1)
FN:30,(anonymous_2)
FN:36,(anonymous_3)
FN:42,(anonymous_4)
FN:48,(anonymous_5)
FN:63,(anonymous_6)
FN:73,(anonymous_7)
FN:82,(anonymous_8)
FN:113,(anonymous_9)
FN:124,(anonymous_10)
FN:132,(anonymous_11)
FN:136,(anonymous_12)
FNF:13
FNH:0
FNDA:0,(anonymous_0)
FNDA:0,(anonymous_1)
FNDA:0,(anonymous_2)
FNDA:0,(anonymous_3)
FNDA:0,(anonymous_4)
FNDA:0,(anonymous_5)
FNDA:0,(anonymous_6)
FNDA:0,(anonymous_7)
FNDA:0,(anonymous_8)
FNDA:0,(anonymous_9)
FNDA:0,(anonymous_10)
FNDA:0,(anonymous_11)
FNDA:0,(anonymous_12)
DA:1,0
DA:3,0
DA:5,0
DA:8,0
DA:17,0
DA:18,0
DA:19,0
DA:25,0
DA:31,0
DA:37,0
DA:43,0
DA:58,0
DA:68,0
DA:77,0
DA:83,0
DA:88,0
DA:89,0
DA:90,0
DA:92,0
DA:99,0
DA:100,0
DA:102,0
DA:114,0
DA:115,0
DA:116,0
DA:117,0
DA:118,0
DA:119,0
DA:125,0
DA:126,0
DA:127,0
DA:133,0
DA:134,0
DA:136,0
DA:137,0
DA:138,0
DA:143,0
DA:144,0
DA:150,0
DA:153,0
DA:154,0
DA:160,0
DA:163,0
DA:173,0
DA:177,0
LF:45
LH:0
BRDA:36,0,0,0
BRDA:36,1,0,0
BRDA:42,2,0,0
BRDA:42,3,0,0
BRDA:115,4,0,0
BRDA:116,5,0,0
BRDA:117,6,0,0
BRDA:118,7,0,0
BRDA:125,8,0,0
BRDA:126,9,0,0
BRDA:132,10,0,0
BRDA:143,11,0,0
BRDA:153,12,0,0
BRDA:165,13,0,0
BRDA:165,13,1,0
BRF:15
BRH:0
end_of_record
TN:
SF:src\modules\gmgn\index.ts
FNF:0
FNH:0
DA:1,0
DA:2,0
DA:3,0
LF:3
LH:0
BRF:0
BRH:0
end_of_record
TN:
SF:src\modules\gmgn\monitorService.ts
FN:10,(anonymous_1)
FN:17,(anonymous_2)
FN:23,(anonymous_3)
FN:34,(anonymous_4)
FN:50,(anonymous_5)
FN:61,(anonymous_6)
FN:67,(anonymous_7)
FN:76,(anonymous_8)
FN:77,(anonymous_9)
FNF:9
FNH:0
FNDA:0,(anonymous_1)
FNDA:0,(anonymous_2)
FNDA:0,(anonymous_3)
FNDA:0,(anonymous_4)
FNDA:0,(anonymous_5)
FNDA:0,(anonymous_6)
FNDA:0,(anonymous_7)
FNDA:0,(anonymous_8)
FNDA:0,(anonymous_9)
DA:3,0
DA:5,0
DA:7,0
DA:8,0
DA:11,0
DA:12,0
DA:18,0
DA:19,0
DA:20,0
DA:23,0
DA:24,0
DA:25,0
DA:26,0
DA:30,0
DA:34,0
DA:35,0
DA:36,0
DA:40,0
DA:44,0
DA:45,0
DA:51,0
DA:52,0
DA:53,0
DA:54,0
DA:55,0
DA:62,0
DA:68,0
DA:69,0
DA:70,0
DA:77,0
DA:78,0
DA:79,0
DA:81,0
LF:33
LH:0
BRDA:17,0,0,0
BRDA:18,1,0,0
BRDA:35,2,0,0
BRDA:52,3,0,0
BRDA:68,4,0,0
BRF:5
BRH:0
end_of_record
TN:
SF:src\modules\gmgn\api\gmgnApiClient.ts
FN:26,(anonymous_1)
FN:33,(anonymous_2)
FN:40,(anonymous_3)
FN:67,(anonymous_4)
FN:82,(anonymous_5)
FN:92,(anonymous_6)
FN:99,(anonymous_7)
FN:106,(anonymous_8)
FN:111,(anonymous_9)
FN:161,(anonymous_10)
FNF:10
FNH:0
FNDA:0,(anonymous_1)
FNDA:0,(anonymous_2)
FNDA:0,(anonymous_3)
FNDA:0,(anonymous_4)
FNDA:0,(anonymous_5)
FNDA:0,(anonymous_6)
FNDA:0,(anonymous_7)
FNDA:0,(anonymous_8)
FNDA:0,(anonymous_9)
FNDA:0,(anonymous_10)
DA:1,0
DA:3,0
DA:5,0
DA:16,0
DA:20,0
DA:24,0
DA:27,0
DA:28,0
DA:34,0
DA:35,0
DA:50,0
DA:61,0
DA:62,0
DA:72,0
DA:73,0
DA:74,0
DA:86,0
DA:87,0
DA:93,0
DA:94,0
DA:100,0
DA:101,0
DA:107,0
DA:108,0
DA:112,0
DA:116,0
DA:126,0
DA:128,0
DA:129,0
DA:132,0
DA:135,0
DA:137,0
DA:138,0
DA:141,0
DA:146,0
DA:151,0
DA:153,0
DA:156,0
DA:158,0
DA:159,0
DA:161,0
DA:162,0
DA:165,0
LF:43
LH:0
BRDA:56,0,0,0
BRDA:56,0,1,0
BRDA:57,1,0,0
BRDA:57,1,1,0
BRDA:58,2,0,0
BRDA:58,2,1,0
BRDA:99,3,0,0
BRDA:99,4,0,0
BRDA:106,5,0,0
BRDA:106,6,0,0
BRDA:111,7,0,0
BRDA:111,8,0,0
BRDA:119,9,0,0
BRDA:119,9,1,0
BRDA:126,10,0,0
BRDA:137,11,0,0
BRDA:153,12,0,0
BRDA:153,12,1,0
BRDA:158,13,0,0
BRF:19
BRH:0
end_of_record
TN:
SF:src\modules\signals\fetcher.ts
FN:18,(anonymous_0)
FN:30,(anonymous_1)
FN:34,(anonymous_2)
FN:41,(anonymous_3)
FN:47,(anonymous_4)
FN:53,(anonymous_5)
FN:57,(anonymous_6)
FN:70,(anonymous_7)
FN:79,(anonymous_8)
FN:98,(anonymous_9)
FN:116,(anonymous_10)
FN:118,(anonymous_11)
FN:170,(anonymous_12)
FN:186,(anonymous_13)
FN:194,(anonymous_14)
FNF:15
FNH:15
FNDA:1,(anonymous_0)
FNDA:1,(anonymous_1)
FNDA:14,(anonymous_2)
FNDA:24,(anonymous_3)
FNDA:75,(anonymous_4)
FNDA:23,(anonymous_5)
FNDA:1,(anonymous_6)
FNDA:14,(anonymous_7)
FNDA:8,(anonymous_8)
FNDA:15,(anonymous_9)
FNDA:28,(anonymous_10)
FNDA:10,(anonymous_11)
FNDA:6,(anonymous_12)
FNDA:4,(anonymous_13)
FNDA:14,(anonymous_14)
DA:4,1
DA:5,1
DA:18,1
DA:19,1
DA:20,1
DA:21,1
DA:31,1
DA:35,14
DA:36,1
DA:38,14
DA:42,24
DA:43,24
DA:44,24
DA:48,75
DA:49,0
DA:54,23
DA:58,1
DA:64,1
DA:66,14
DA:67,14
DA:71,14
DA:72,14
DA:73,14
DA:74,14
DA:80,8
DA:81,1
DA:82,1
DA:85,7
DA:86,7
DA:87,7
DA:88,6
DA:89,6
DA:91,1
DA:92,1
DA:99,15
DA:100,9
DA:101,9
DA:104,6
DA:105,6
DA:106,6
DA:107,6
DA:109,0
DA:110,0
DA:117,28
DA:118,28
DA:119,10
DA:120,10
DA:126,10
DA:135,2
DA:136,2
DA:146,2
DA:147,2
DA:148,2
DA:149,2
DA:150,2
DA:152,8
DA:163,0
DA:171,6
DA:172,3
DA:173,3
DA:174,3
DA:175,3
DA:176,3
DA:178,0
DA:187,4
DA:188,4
DA:189,4
DA:195,14
DA:196,14
DA:197,14
DA:198,14
DA:199,14
LF:72
LH:67
BRDA:18,0,0,1
BRDA:18,0,1,1
BRDA:35,1,0,1
BRDA:43,2,0,1
BRDA:43,2,1,23
BRDA:48,3,0,0
BRDA:73,4,0,14
BRDA:73,4,1,14
BRDA:80,5,0,1
BRDA:99,6,0,9
BRDA:126,7,0,2
BRDA:126,7,1,8
BRDA:127,8,0,10
BRDA:127,8,1,10
BRDA:127,8,2,10
BRDA:127,8,3,2
BRDA:127,8,4,2
BRDA:127,8,5,2
BRDA:127,8,6,2
BRDA:154,9,0,8
BRDA:154,9,1,8
BRDA:156,10,0,8
BRDA:156,10,1,0
BRDA:157,11,0,8
BRDA:157,11,1,8
BRDA:159,12,0,8
BRDA:159,12,1,0
BRDA:171,13,0,9
BRDA:171,13,1,9
BRDA:173,14,0,3
BRF:30
BRH:27
end_of_record
TN:
SF:src\modules\signals\evaluator\core\evaluator.ts
FN:87,(anonymous_0)
FN:92,(anonymous_1)
FN:98,(anonymous_2)
FN:104,(anonymous_3)
FN:124,(anonymous_4)
FN:126,(anonymous_5)
FN:258,calcSentimentScore
FN:274,(anonymous_7)
FN:275,(anonymous_8)
FN:281,(anonymous_9)
FN:284,(anonymous_10)
FN:295,(anonymous_11)
FN:317,calcBuyPressureScore
FN:326,(anonymous_13)
FN:357,calcBlacklistPenalty
FN:384,calcResonanceScore
FN:393,(anonymous_16)
FN:425,(anonymous_17)
FN:435,(anonymous_18)
FN:441,(anonymous_19)
FN:449,(anonymous_20)
FN:502,(anonymous_21)
FN:521,(anonymous_22)
FN:544,(anonymous_23)
FN:567,(anonymous_24)
FNF:25
FNH:0
FNDA:0,(anonymous_0)
FNDA:0,(anonymous_1)
FNDA:0,(anonymous_2)
FNDA:0,(anonymous_3)
FNDA:0,(anonymous_4)
FNDA:0,(anonymous_5)
FNDA:0,calcSentimentScore
FNDA:0,(anonymous_7)
FNDA:0,(anonymous_8)
FNDA:0,(anonymous_9)
FNDA:0,(anonymous_10)
FNDA:0,(anonymous_11)
FNDA:0,calcBuyPressureScore
FNDA:0,(anonymous_13)
FNDA:0,calcBlacklistPenalty
FNDA:0,calcResonanceScore
FNDA:0,(anonymous_16)
FNDA:0,(anonymous_17)
FNDA:0,(anonymous_18)
FNDA:0,(anonymous_19)
FNDA:0,(anonymous_20)
FNDA:0,(anonymous_21)
FNDA:0,(anonymous_22)
FNDA:0,(anonymous_23)
FNDA:0,(anonymous_24)
DA:48,0
DA:55,0
DA:63,0
DA:88,0
DA:93,0
DA:99,0
DA:105,0
DA:107,0
DA:108,0
DA:109,0
DA:110,0
DA:112,0
DA:119,0
DA:125,0
DA:126,0
DA:205,0
DA:263,0
DA:264,0
DA:265,0
DA:266,0
DA:270,0
DA:274,0
DA:275,0
DA:276,0
DA:281,0
DA:282,0
DA:284,0
DA:285,0
DA:290,0
DA:295,0
DA:299,0
DA:300,0
DA:301,0
DA:302,0
DA:303,0
DA:304,0
DA:306,0
DA:308,0
DA:309,0
DA:318,0
DA:319,0
DA:320,0
DA:326,0
DA:327,0
DA:335,0
DA:339,0
DA:340,0
DA:341,0
DA:342,0
DA:343,0
DA:344,0
DA:346,0
DA:348,0
DA:349,0
DA:361,0
DA:362,0
DA:366,0
DA:372,0
DA:373,0
DA:375,0
DA:376,0
DA:388,0
DA:393,0
DA:394,0
DA:397,0
DA:401,0
DA:402,0
DA:403,0
DA:404,0
DA:405,0
DA:406,0
DA:408,0
DA:410,0
DA:411,0
DA:419,0
DA:426,0
DA:430,0
DA:436,0
DA:442,0
DA:450,0
DA:453,0
DA:457,0
DA:470,0
DA:479,0
DA:483,0
DA:485,0
DA:493,0
DA:494,0
DA:503,0
DA:504,0
DA:506,0
DA:507,0
DA:509,0
DA:510,0
DA:512,0
DA:513,0
DA:522,0
DA:524,0
DA:529,0
DA:533,0
DA:535,0
DA:536,0
DA:545,0
DA:547,0
DA:548,0
DA:550,0
DA:551,0
DA:553,0
DA:554,0
DA:556,0
DA:557,0
DA:560,0
DA:568,0
LF:113
LH:0
BRDA:114,0,0,0
BRDA:114,0,1,0
BRDA:276,1,0,0
BRDA:276,1,1,0
BRDA:290,2,0,0
BRDA:290,2,1,0
BRDA:299,3,0,0
BRDA:299,3,1,0
BRDA:301,4,0,0
BRDA:301,4,1,0
BRDA:303,5,0,0
BRDA:308,6,0,0
BRDA:308,6,1,0
BRDA:327,7,0,0
BRDA:327,7,1,0
BRDA:327,7,2,0
BRDA:327,7,3,0
BRDA:339,8,0,0
BRDA:339,8,1,0
BRDA:341,9,0,0
BRDA:341,9,1,0
BRDA:343,10,0,0
BRDA:348,11,0,0
BRDA:348,11,1,0
BRDA:362,12,0,0
BRDA:366,13,0,0
BRDA:366,13,1,0
BRDA:375,14,0,0
BRDA:375,14,1,0
BRDA:401,15,0,0
BRDA:401,15,1,0
BRDA:403,16,0,0
BRDA:403,16,1,0
BRDA:405,17,0,0
BRDA:410,18,0,0
BRDA:410,18,1,0
BRDA:425,19,0,0
BRDA:493,20,0,0
BRDA:493,20,1,0
BRDA:503,21,0,0
BRDA:503,22,0,0
BRDA:503,22,1,0
BRDA:506,23,0,0
BRDA:509,24,0,0
BRDA:512,25,0,0
BRDA:535,26,0,0
BRDA:535,26,1,0
BRDA:547,27,0,0
BRDA:550,28,0,0
BRDA:553,29,0,0
BRDA:556,30,0,0
BRF:51
BRH:0
end_of_record
TN:
SF:src\modules\signals\evaluator\sources\telegram.ts
FN:35,(anonymous_0)
FN:43,(anonymous_1)
FN:49,(anonymous_2)
FN:71,(anonymous_3)
FN:72,(anonymous_4)
FN:88,(anonymous_5)
FN:114,(anonymous_6)
FN:153,(anonymous_7)
FN:178,(anonymous_8)
FN:188,(anonymous_9)
FN:250,(anonymous_10)
FN:262,(anonymous_11)
FN:284,(anonymous_12)
FN:293,(anonymous_13)
FN:318,(anonymous_14)
FN:328,(anonymous_15)
FN:334,(anonymous_16)
FNF:17
FNH:12
FNDA:23,(anonymous_0)
FNDA:0,(anonymous_1)
FNDA:22,(anonymous_2)
FNDA:21,(anonymous_3)
FNDA:0,(anonymous_4)
FNDA:0,(anonymous_5)
FNDA:16,(anonymous_6)
FNDA:16,(anonymous_7)
FNDA:143,(anonymous_8)
FNDA:16,(anonymous_9)
FNDA:0,(anonymous_10)
FNDA:0,(anonymous_11)
FNDA:3,(anonymous_12)
FNDA:4,(anonymous_13)
FNDA:4,(anonymous_14)
FNDA:3,(anonymous_15)
FNDA:1,(anonymous_16)
DA:4,1
DA:8,1
DA:9,1
DA:29,1
DA:36,23
DA:37,23
DA:38,23
DA:44,0
DA:50,22
DA:51,22
DA:55,21
DA:59,21
DA:61,21
DA:62,21
DA:64,1
DA:65,1
DA:72,21
DA:73,0
DA:74,0
DA:75,0
DA:79,0
DA:81,0
DA:91,0
DA:95,0
DA:96,0
DA:97,0
DA:98,0
DA:101,0
DA:102,0
DA:106,0
DA:107,0
DA:115,16
DA:119,16
DA:120,16
DA:122,16
DA:123,16
DA:124,16
DA:128,16
DA:132,16
DA:134,16
DA:148,16
DA:154,16
DA:156,16
DA:157,1
DA:162,15
DA:177,15
DA:178,143
DA:179,15
DA:183,0
DA:189,16
DA:191,16
DA:193,16
DA:197,2
DA:198,2
DA:199,2
DA:201,2
DA:206,2
DA:207,2
DA:208,2
DA:210,2
DA:215,2
DA:216,2
DA:217,1
DA:219,2
DA:225,3
DA:226,3
DA:227,1
DA:228,1
DA:229,1
DA:231,3
DA:237,3
DA:242,3
DA:245,16
DA:251,0
DA:252,0
DA:255,0
DA:256,0
DA:257,0
DA:261,0
DA:262,0
DA:267,0
DA:269,0
DA:285,3
DA:289,3
DA:293,3
DA:294,4
DA:298,1
DA:312,1
DA:317,3
DA:318,3
DA:319,4
DA:320,4
DA:323,3
DA:329,3
DA:335,1
DA:336,1
DA:338,1
DA:339,1
LF:98
LH:73
BRDA:75,0,0,0
BRDA:97,1,0,0
BRDA:106,2,0,0
BRDA:122,3,0,16
BRDA:156,4,0,1
BRDA:156,5,0,16
BRDA:156,5,1,15
BRDA:178,6,0,15
BRDA:189,7,0,0
BRDA:193,8,0,2
BRDA:193,8,1,2
BRDA:193,8,2,2
BRDA:193,8,3,2
BRDA:193,8,4,3
BRDA:193,8,5,2
BRDA:193,8,6,3
BRDA:198,9,0,2
BRDA:207,10,0,2
BRDA:216,11,0,1
BRDA:226,12,0,1
BRDA:229,13,0,1
BRDA:229,13,1,0
BRDA:251,14,0,0
BRDA:255,15,0,0
BRDA:255,15,1,0
BRDA:285,16,0,0
BRDA:294,17,0,3
BRDA:312,18,0,1
BRDA:312,18,1,0
BRDA:335,19,0,1
BRF:30
BRH:20
end_of_record
TN:
SF:src\modules\signals\evaluator\types\score.ts
FN:26,(anonymous_0)
FNF:1
FNH:0
FNDA:0,(anonymous_0)
DA:26,0
DA:27,0
DA:28,0
DA:29,0
DA:30,0
DA:31,0
DA:32,0
DA:33,0
DA:34,0
DA:35,0
DA:36,0
DA:65,0
DA:81,0
DA:85,0
LF:14
LH:0
BRDA:26,0,0,0
BRDA:26,0,1,0
BRF:2
BRH:0
end_of_record
TN:
SF:src\modules\signals\evaluator\types\signal.ts
FN:6,(anonymous_0)
FN:30,(anonymous_1)
FNF:2
FNH:2
FNDA:1,(anonymous_0)
FNDA:1,(anonymous_1)
DA:6,1
DA:9,1
DA:13,1
DA:17,1
DA:21,1
DA:25,1
DA:30,1
DA:33,1
DA:37,1
DA:41,1
DA:45,1
DA:49,1
DA:53,1
DA:57,1
DA:61,1
DA:65,1
DA:69,1
DA:73,1
LF:18
LH:18
BRDA:6,0,0,1
BRDA:6,0,1,1
BRDA:30,1,0,1
BRDA:30,1,1,1
BRF:4
BRH:4
end_of_record
TN:
SF:src\modules\signals\evaluator\utils\logger.ts
FN:6,(anonymous_0)
FN:18,(anonymous_1)
FN:26,(anonymous_2)
FN:35,(anonymous_3)
FN:48,(anonymous_4)
FN:56,(anonymous_5)
FN:62,(anonymous_6)
FN:75,(anonymous_7)
FNF:8
FNH:5
FNDA:1,(anonymous_0)
FNDA:1,(anonymous_1)
FNDA:1,(anonymous_2)
FNDA:21,(anonymous_3)
FNDA:0,(anonymous_4)
FNDA:21,(anonymous_5)
FNDA:0,(anonymous_6)
FNDA:0,(anonymous_7)
DA:6,1
DA:7,1
DA:8,1
DA:9,1
DA:14,1
DA:21,1
DA:27,1
DA:28,1
DA:30,1
DA:36,21
DA:37,21
DA:39,21
DA:40,0
DA:43,21
DA:49,0
DA:50,0
DA:57,21
DA:63,0
DA:70,0
DA:76,0
DA:82,1
LF:21
LH:15
BRDA:6,0,0,1
BRDA:6,0,1,1
BRDA:27,1,0,1
BRDA:39,2,0,0
BRDA:49,3,0,0
BRDA:65,4,0,0
BRDA:65,4,1,0
BRF:7
BRH:3
end_of_record
TN:
SF:src\pages\api\analyze.ts
FN:5,handler
FNF:1
FNH:0
FNDA:0,handler
DA:2,0
DA:5,0
DA:9,0
DA:10,0
DA:11,0
DA:14,0
DA:15,0
DA:17,0
DA:19,0
DA:20,0
LF:10
LH:0
BRDA:9,0,0,0
BRF:1
BRH:0
end_of_record
TN:
SF:src\pipeline\index.ts
FN:6,processNewsFeed
FNF:1
FNH:0
FNDA:0,processNewsFeed
DA:1,0
DA:2,0
DA:3,0
DA:4,0
DA:6,0
DA:10,0
DA:12,0
DA:15,0
DA:17,0
DA:20,0
DA:23,0
DA:26,0
LF:12
LH:0
BRF:0
BRH:0
end_of_record
TN:
SF:src\pipeline\runAnalysis.ts
FN:11,runAnalysis
FNF:1
FNH:0
FNDA:0,runAnalysis
DA:1,0
DA:2,0
DA:3,0
DA:4,0
DA:5,0
DA:11,0
DA:12,0
DA:14,0
DA:15,0
DA:18,0
DA:19,0
DA:22,0
DA:24,0
DA:25,0
DA:28,0
DA:31,0
DA:34,0
DA:36,0
LF:18
LH:0
BRF:0
BRH:0
end_of_record
TN:
SF:src\test\setup.ts
FN:8,(anonymous_0)
FN:13,(anonymous_1)
FNF:2
FNH:0
FNDA:0,(anonymous_0)
FNDA:0,(anonymous_1)
DA:4,0
DA:8,0
DA:13,0
LF:3
LH:0
BRF:0
BRH:0
end_of_record
TN:
SF:src\utils\config.ts
FNF:0
FNH:0
DA:1,0
LF:1
LH:0
BRDA:3,0,0,0
BRDA:3,0,1,0
BRF:2
BRH:0
end_of_record
